2022-10-11 14:24:05,825 ERROR: Exception on /reset_password_request/ [POST] [in /Library/Frameworks/Python.framework/Versions/3.6/lib/python3.6/site-packages/flask/app.py:1892]
Traceback (most recent call last):
  File "/Library/Frameworks/Python.framework/Versions/3.6/lib/python3.6/site-packages/flask/app.py", line 2447, in wsgi_app
    response = self.full_dispatch_request()
  File "/Library/Frameworks/Python.framework/Versions/3.6/lib/python3.6/site-packages/flask/app.py", line 1952, in full_dispatch_request
    rv = self.handle_user_exception(e)
  File "/Library/Frameworks/Python.framework/Versions/3.6/lib/python3.6/site-packages/flask/app.py", line 1821, in handle_user_exception
    reraise(exc_type, exc_value, tb)
  File "/Library/Frameworks/Python.framework/Versions/3.6/lib/python3.6/site-packages/flask/_compat.py", line 39, in reraise
    raise value
  File "/Library/Frameworks/Python.framework/Versions/3.6/lib/python3.6/site-packages/flask/app.py", line 1950, in full_dispatch_request
    rv = self.dispatch_request()
  File "/Library/Frameworks/Python.framework/Versions/3.6/lib/python3.6/site-packages/flask/app.py", line 1936, in dispatch_request
    return self.view_functions[rule.endpoint](**req.view_args)
  File "/Users/sam/PycharmProjects/flask_lessons/app/routes.py", line 198, in reset_password_request
    send_password_reset_email(user)
  File "/Users/sam/PycharmProjects/flask_lessons/app/email.py", line 31, in send_password_reset_email
    text_body='ABC')
  File "/Users/sam/PycharmProjects/flask_lessons/app/email.py", line 19, in send_email
    msg.body=bytes(msg.body, encoding="utf-8")
TypeError: encoding without a string argument
2022-10-11 14:25:27,004 INFO: Microblog startup [in /Users/sam/PycharmProjects/flask_lessons/app/__init__.py:41]
2022-10-11 15:41:44,504 INFO: Microblog startup [in /Users/sam/PycharmProjects/flask_lessons/app/__init__.py:41]
2022-10-11 15:45:37,990 INFO: Microblog startup [in /Users/sam/PycharmProjects/flask_lessons/app/__init__.py:41]
2022-10-11 15:47:24,488 INFO: Microblog startup [in /Users/sam/PycharmProjects/flask_lessons/app/__init__.py:41]
2022-10-11 15:47:44,215 INFO: Microblog startup [in /Users/sam/PycharmProjects/flask_lessons/app/__init__.py:41]
2022-10-11 15:52:27,722 INFO: Microblog startup [in /Users/sam/PycharmProjects/flask_lessons/app/__init__.py:41]
2022-10-11 15:52:30,514 INFO: Microblog startup [in /Users/sam/PycharmProjects/flask_lessons/app/__init__.py:41]
2022-10-11 15:53:47,734 INFO: Microblog startup [in /Users/sam/PycharmProjects/flask_lessons/app/__init__.py:41]
2022-10-11 15:56:05,195 INFO: Microblog startup [in /Users/sam/PycharmProjects/flask_lessons/app/__init__.py:41]
2022-10-11 16:10:00,318 INFO: Microblog startup [in /Users/sam/PycharmProjects/flask_lessons/app/__init__.py:41]
